[2025-11-01 15:16:18,895] INFO django.utils.autoreload: Watching for file changes with StatReloader
[2025-11-01 15:16:25,991] INFO django.server: "GET /admin/projects/contributor/ HTTP/1.1" 302 0
[2025-11-01 15:16:26,128] INFO django.server: "GET /admin/login/?next=/admin/projects/contributor/ HTTP/1.1" 200 4212
[2025-11-01 15:16:26,148] INFO django.server: "GET /static/admin/css/login.css HTTP/1.1" 304 0
[2025-11-01 15:16:28,777] INFO django.server: "POST /admin/login/?next=/admin/projects/contributor/ HTTP/1.1" 302 0
[2025-11-01 15:16:28,802] INFO django.server: "GET /admin/projects/contributor/ HTTP/1.1" 200 12715
[2025-11-01 15:16:28,842] INFO django.server: "GET /admin/jsi18n/ HTTP/1.1" 200 3342
[2025-11-01 15:16:33,180] INFO django.server: "GET /admin/accounts/user/ HTTP/1.1" 200 13660
[2025-11-01 15:16:33,211] INFO django.server: "GET /admin/jsi18n/ HTTP/1.1" 200 3342
[2025-11-01 15:16:35,241] INFO django.server: "GET /admin/accounts/user/add/ HTTP/1.1" 200 24607
[2025-11-01 15:16:35,264] INFO django.server: "GET /static/admin/css/forms.css HTTP/1.1" 304 0
[2025-11-01 15:16:35,274] INFO django.server: "GET /static/admin/js/calendar.js HTTP/1.1" 304 0
[2025-11-01 15:16:35,277] INFO django.server: "GET /static/admin/js/prepopulate_init.js HTTP/1.1" 304 0
[2025-11-01 15:16:35,280] INFO django.server: "GET /static/admin/js/admin/DateTimeShortcuts.js HTTP/1.1" 304 0
[2025-11-01 15:16:35,282] INFO django.server: "GET /static/admin/css/widgets.css HTTP/1.1" 304 0
[2025-11-01 15:16:35,287] INFO django.server: "GET /admin/jsi18n/ HTTP/1.1" 200 3342
[2025-11-01 15:16:35,287] INFO django.server: "GET /static/admin/js/change_form.js HTTP/1.1" 304 0
[2025-11-01 15:16:35,358] INFO django.server: "GET /static/admin/img/icon-calendar.svg HTTP/1.1" 304 0
[2025-11-01 15:16:42,103] INFO django.server: "GET /admin/accounts/user/ HTTP/1.1" 200 13660
[2025-11-01 15:16:46,794] INFO django.server: "GET /admin/accounts/user/1/change/ HTTP/1.1" 200 25035
[2025-11-01 15:16:46,820] INFO django.server: "GET /admin/jsi18n/ HTTP/1.1" 200 3342
[2025-11-01 15:16:51,365] INFO django.server: "POST /admin/accounts/user/1/change/ HTTP/1.1" 302 0
[2025-11-01 15:16:51,382] INFO django.server: "GET /admin/accounts/user/ HTTP/1.1" 200 13863
[2025-11-01 15:16:51,418] INFO django.server: "GET /admin/jsi18n/ HTTP/1.1" 200 3342
[2025-11-01 15:16:51,432] INFO django.server: "GET /static/admin/img/icon-yes.svg HTTP/1.1" 304 0
[2025-11-01 15:17:01,868] INFO django.server: "GET /api/project/dashboard/ HTTP/1.1" 200 167
[2025-11-01 15:17:01,880] INFO django.server: "GET /api/project/dashboard/ HTTP/1.1" 200 167
[2025-11-01 15:17:06,435] INFO django.server: "OPTIONS /api/auth/login/ HTTP/1.1" 200 0
[2025-11-01 15:17:07,342] INFO django.server: "POST /api/auth/login/ HTTP/1.1" 200 566
[2025-11-01 15:17:07,391] INFO django.server: "GET /api/project/dashboard/ HTTP/1.1" 200 167
[2025-11-01 15:17:07,402] INFO django.server: "GET /api/project/dashboard/ HTTP/1.1" 200 167
[2025-11-01 15:17:10,747] INFO django.server: "GET /api/project/projects/?search=&page=1&page_size=10&ordering= HTTP/1.1" 200 52
[2025-11-01 15:17:10,752] INFO django.server: "GET /api/project/projects/?search=&page=1&page_size=10&ordering= HTTP/1.1" 200 52
[2025-11-01 15:17:51,304] INFO django.server: "OPTIONS /api/project/projects/ HTTP/1.1" 200 0
[2025-11-01 15:17:51,317] INFO django.server: "POST /api/project/projects/ HTTP/1.1" 201 248
[2025-11-01 15:17:51,378] INFO django.server: "GET /api/project/projects/?search=&page=1&page_size=10&ordering= HTTP/1.1" 200 250
[2025-11-01 15:17:51,394] INFO django.server: "GET /api/project/projects/?search=&page=1&page_size=10&ordering= HTTP/1.1" 200 250
[2025-11-01 15:17:56,472] INFO django.server: "OPTIONS /api/project/contributors/?search=&page=1&page_size=10&ordering= HTTP/1.1" 200 0
[2025-11-01 15:17:56,475] INFO django.server: "OPTIONS /api/project/contributors/?search=&page=1&page_size=10&ordering= HTTP/1.1" 200 0
[2025-11-01 15:17:56,482] INFO django.server: "GET /api/project/contributors/?search=&page=1&page_size=10&ordering= HTTP/1.1" 200 52
[2025-11-01 15:17:56,489] INFO django.server: "GET /api/project/contributors/?search=&page=1&page_size=10&ordering= HTTP/1.1" 200 52
[2025-11-01 15:20:05,370] INFO django.server: "OPTIONS /api/project/contributors/ HTTP/1.1" 200 0
[2025-11-01 15:20:06,104] INFO django.server: "POST /api/project/contributors/ HTTP/1.1" 201 286
[2025-11-01 15:20:09,059] INFO django.server: "GET /api/project/contributors/?search=&page=1&page_size=10&ordering= HTTP/1.1" 200 284
[2025-11-01 15:20:09,066] INFO django.server: "GET /api/project/contributors/?search=&page=1&page_size=10&ordering= HTTP/1.1" 200 284
[2025-11-01 15:20:52,408] INFO django.server: "POST /api/project/contributors/ HTTP/1.1" 201 277
[2025-11-01 15:20:55,081] INFO django.server: "GET /api/project/contributors/?search=&page=1&page_size=10&ordering= HTTP/1.1" 200 508
[2025-11-01 15:20:55,094] INFO django.server: "GET /api/project/contributors/?search=&page=1&page_size=10&ordering= HTTP/1.1" 200 508
[2025-11-01 15:20:57,137] INFO django.server: "GET /api/project/tasks/?search=&page=1&page_size=10&ordering= HTTP/1.1" 200 52
[2025-11-01 15:20:57,145] INFO django.server: "GET /api/project/tasks/?search=&page=1&page_size=10&ordering= HTTP/1.1" 200 52
[2025-11-01 15:20:59,379] INFO django.server: "OPTIONS /api/project/projects/?search= HTTP/1.1" 200 0
[2025-11-01 15:20:59,379] INFO django.server: "OPTIONS /api/project/contributors/?search= HTTP/1.1" 200 0
[2025-11-01 15:20:59,384] INFO django.server: "OPTIONS /api/project/projects/?search= HTTP/1.1" 200 0
[2025-11-01 15:20:59,385] INFO django.server: "OPTIONS /api/project/contributors/?search= HTTP/1.1" 200 0
[2025-11-01 15:20:59,392] INFO django.server: "GET /api/project/contributors/?search= HTTP/1.1" 200 508
[2025-11-01 15:20:59,396] INFO django.server: "GET /api/project/projects/?search= HTTP/1.1" 200 250
[2025-11-01 15:20:59,408] INFO django.server: "GET /api/project/contributors/?search= HTTP/1.1" 200 508
[2025-11-01 15:20:59,411] INFO django.server: "GET /api/project/projects/?search= HTTP/1.1" 200 250
[2025-11-01 15:21:34,765] INFO django.server: "OPTIONS /api/project/tasks/ HTTP/1.1" 200 0
[2025-11-01 15:21:34,803] INFO projects.signals: [clear_due_task_cache]============== Delete cache ===============
[2025-11-01 15:21:34,816] INFO django.server: "POST /api/project/tasks/ HTTP/1.1" 201 697
[2025-11-01 15:21:34,914] INFO django.server: "GET /api/project/tasks/?search=&page=1&page_size=10&ordering= HTTP/1.1" 200 702
[2025-11-01 15:21:34,925] INFO django.server: "GET /api/project/tasks/?search=&page=1&page_size=10&ordering= HTTP/1.1" 200 702
[2025-11-01 15:21:37,781] INFO django.server: "GET /api/project/projects/?search=&page=1&page_size=10&ordering= HTTP/1.1" 200 250
[2025-11-01 15:21:37,789] INFO django.server: "GET /api/project/projects/?search=&page=1&page_size=10&ordering= HTTP/1.1" 200 250
[2025-11-01 15:22:02,764] INFO django.server: "POST /api/project/projects/ HTTP/1.1" 201 229
[2025-11-01 15:22:02,816] INFO django.server: "GET /api/project/projects/?search=&page=1&page_size=10&ordering= HTTP/1.1" 200 430
[2025-11-01 15:22:02,824] INFO django.server: "GET /api/project/projects/?search=&page=1&page_size=10&ordering= HTTP/1.1" 200 430
[2025-11-01 15:22:04,440] INFO django.server: "GET /api/project/contributors/?search=&page=1&page_size=10&ordering= HTTP/1.1" 200 508
[2025-11-01 15:22:04,450] INFO django.server: "GET /api/project/contributors/?search=&page=1&page_size=10&ordering= HTTP/1.1" 200 508
[2025-11-01 15:22:06,932] INFO django.server: "GET /api/project/projects/?search=&page=1&page_size=10&ordering= HTTP/1.1" 200 430
[2025-11-01 15:22:06,940] INFO django.server: "GET /api/project/projects/?search=&page=1&page_size=10&ordering= HTTP/1.1" 200 430
[2025-11-01 15:22:42,632] INFO django.server: "POST /api/project/projects/ HTTP/1.1" 201 237
[2025-11-01 15:22:42,709] INFO django.server: "GET /api/project/projects/?search=&page=1&page_size=10&ordering= HTTP/1.1" 200 618
[2025-11-01 15:22:42,721] INFO django.server: "GET /api/project/projects/?search=&page=1&page_size=10&ordering= HTTP/1.1" 200 618
[2025-11-01 15:22:44,258] INFO django.server: "GET /api/project/contributors/?search=&page=1&page_size=10&ordering= HTTP/1.1" 200 508
[2025-11-01 15:22:44,268] INFO django.server: "GET /api/project/contributors/?search=&page=1&page_size=10&ordering= HTTP/1.1" 200 508
[2025-11-01 15:22:47,972] INFO django.server: "OPTIONS /api/project/contributors/1/ HTTP/1.1" 200 0
[2025-11-01 15:22:47,972] INFO django.server: "OPTIONS /api/project/contributors/1/ HTTP/1.1" 200 0
[2025-11-01 15:22:47,981] INFO django.server: "GET /api/project/contributors/1/ HTTP/1.1" 200 232
[2025-11-01 15:22:47,989] INFO django.server: "GET /api/project/contributors/1/ HTTP/1.1" 200 232
[2025-11-01 15:22:53,988] INFO django.server: "PUT /api/project/contributors/1/ HTTP/1.1" 200 273
[2025-11-01 15:22:54,040] INFO django.server: "GET /api/project/contributors/?search=&page=1&page_size=10&ordering= HTTP/1.1" 200 508
[2025-11-01 15:22:54,052] INFO django.server: "GET /api/project/contributors/?search=&page=1&page_size=10&ordering= HTTP/1.1" 200 508
[2025-11-01 15:22:57,082] INFO django.server: "GET /api/project/contributors/1/ HTTP/1.1" 200 232
[2025-11-01 15:22:57,090] INFO django.server: "GET /api/project/contributors/1/ HTTP/1.1" 200 232
[2025-11-01 15:22:58,009] INFO django.server: "GET /api/project/contributors/?search=&page=1&page_size=10&ordering= HTTP/1.1" 200 508
[2025-11-01 15:22:58,020] INFO django.server: "GET /api/project/contributors/?search=&page=1&page_size=10&ordering= HTTP/1.1" 200 508
[2025-11-01 15:22:59,187] INFO django.server: "GET /api/project/tasks/?search=&page=1&page_size=10&ordering= HTTP/1.1" 200 702
[2025-11-01 15:22:59,195] INFO django.server: "GET /api/project/tasks/?search=&page=1&page_size=10&ordering= HTTP/1.1" 200 702
[2025-11-01 15:23:01,286] INFO django.server: "OPTIONS /api/project/tasks/1/ HTTP/1.1" 200 0
[2025-11-01 15:23:01,292] INFO django.server: "OPTIONS /api/project/tasks/1/ HTTP/1.1" 200 0
[2025-11-01 15:23:01,303] INFO django.server: "GET /api/project/contributors/?search= HTTP/1.1" 200 508
[2025-11-01 15:23:01,303] INFO django.server: "GET /api/project/projects/?search= HTTP/1.1" 200 618
[2025-11-01 15:23:01,311] INFO django.server: "GET /api/project/tasks/1/ HTTP/1.1" 200 650
[2025-11-01 15:23:01,327] INFO django.server: "GET /api/project/contributors/?search= HTTP/1.1" 200 508
[2025-11-01 15:23:01,327] INFO django.server: "GET /api/project/projects/?search= HTTP/1.1" 200 618
[2025-11-01 15:23:01,337] INFO django.server: "GET /api/project/tasks/1/ HTTP/1.1" 200 650
[2025-11-01 15:23:03,931] INFO django.server: "GET /api/project/tasks/?search=&page=1&page_size=10&ordering= HTTP/1.1" 200 702
[2025-11-01 15:23:03,942] INFO django.server: "GET /api/project/tasks/?search=&page=1&page_size=10&ordering= HTTP/1.1" 200 702
[2025-11-01 15:23:05,690] INFO django.server: "GET /api/project/projects/?search= HTTP/1.1" 200 618
[2025-11-01 15:23:05,696] INFO django.server: "GET /api/project/contributors/?search= HTTP/1.1" 200 508
[2025-11-01 15:23:05,704] INFO django.server: "GET /api/project/projects/?search= HTTP/1.1" 200 618
[2025-11-01 15:23:05,712] INFO django.server: "GET /api/project/contributors/?search= HTTP/1.1" 200 508
[2025-11-01 15:23:21,155] INFO django.server: "OPTIONS /api/project/projects/?search=R HTTP/1.1" 200 0
[2025-11-01 15:23:21,167] INFO django.server: "GET /api/project/projects/?search=R HTTP/1.1" 200 618
[2025-11-01 15:23:21,657] INFO django.server: "OPTIONS /api/project/projects/?search=Rn HTTP/1.1" 200 0
[2025-11-01 15:23:21,666] INFO django.server: "GET /api/project/projects/?search=Rn HTTP/1.1" 200 52
[2025-11-01 15:23:22,893] INFO django.server: "OPTIONS /api/project/projects/?search=Re HTTP/1.1" 200 0
[2025-11-01 15:23:22,902] INFO django.server: "GET /api/project/projects/?search=Re HTTP/1.1" 200 419
[2025-11-01 15:23:34,100] INFO projects.signals: [clear_due_task_cache]============== Delete cache ===============
[2025-11-01 15:23:34,111] INFO django.server: "POST /api/project/tasks/ HTTP/1.1" 201 653
[2025-11-01 15:23:34,182] INFO django.server: "GET /api/project/tasks/?search=&page=1&page_size=10&ordering= HTTP/1.1" 200 1309
[2025-11-01 15:23:34,194] INFO django.server: "GET /api/project/tasks/?search=&page=1&page_size=10&ordering= HTTP/1.1" 200 1309
[2025-11-01 15:23:36,829] INFO django.server: "GET /api/project/contributors/?search= HTTP/1.1" 200 508
[2025-11-01 15:23:36,838] INFO django.server: "GET /api/project/projects/?search= HTTP/1.1" 200 618
[2025-11-01 15:23:36,845] INFO django.server: "GET /api/project/projects/?search= HTTP/1.1" 200 618
[2025-11-01 15:23:36,852] INFO django.server: "GET /api/project/contributors/?search= HTTP/1.1" 200 508
[2025-11-01 15:24:01,130] INFO projects.signals: [clear_due_task_cache]============== Delete cache ===============
[2025-11-01 15:24:01,141] INFO django.server: "POST /api/project/tasks/ HTTP/1.1" 201 901
[2025-11-01 15:24:01,224] INFO django.server: "GET /api/project/tasks/?search=&page=1&page_size=10&ordering= HTTP/1.1" 200 2164
[2025-11-01 15:24:01,238] INFO django.server: "GET /api/project/tasks/?search=&page=1&page_size=10&ordering= HTTP/1.1" 200 2164
[2025-11-01 15:24:03,519] INFO django.server: "OPTIONS /api/project/tasks/3/ HTTP/1.1" 200 0
[2025-11-01 15:24:03,519] INFO django.server: "OPTIONS /api/project/tasks/3/ HTTP/1.1" 200 0
[2025-11-01 15:24:03,528] INFO django.server: "GET /api/project/projects/?search= HTTP/1.1" 200 618
[2025-11-01 15:24:03,528] INFO django.server: "GET /api/project/contributors/?search= HTTP/1.1" 200 508
[2025-11-01 15:24:03,550] INFO django.server: "GET /api/project/contributors/?search= HTTP/1.1" 200 508
[2025-11-01 15:24:03,550] INFO django.server: "GET /api/project/tasks/3/ HTTP/1.1" 200 854
[2025-11-01 15:24:03,552] INFO django.server: "GET /api/project/projects/?search= HTTP/1.1" 200 618
[2025-11-01 15:24:03,561] INFO django.server: "GET /api/project/tasks/3/ HTTP/1.1" 200 854
[2025-11-01 15:24:04,200] INFO django.server: "GET /api/project/tasks/?search=&page=1&page_size=10&ordering= HTTP/1.1" 200 2164
[2025-11-01 15:24:04,213] INFO django.server: "GET /api/project/tasks/?search=&page=1&page_size=10&ordering= HTTP/1.1" 200 2164
[2025-11-01 15:24:06,372] INFO projects.views: [OverDueTaskListAPIView] ******* From DB *******
[2025-11-01 15:24:06,375] INFO django.server: "GET /api/project/tasks/overdue/?search= HTTP/1.1" 200 2
[2025-11-01 15:24:06,385] INFO projects.views: [OverDueTaskListAPIView] ******* From DB *******
[2025-11-01 15:24:06,386] INFO django.server: "GET /api/project/tasks/overdue/?search= HTTP/1.1" 200 2
[2025-11-01 15:24:07,629] INFO django.server: "GET /api/project/contributors/?search=&page=1&page_size=10&ordering= HTTP/1.1" 200 508
[2025-11-01 15:24:07,638] INFO django.server: "GET /api/project/contributors/?search=&page=1&page_size=10&ordering= HTTP/1.1" 200 508
[2025-11-01 15:24:09,817] INFO django.server: "GET /api/project/tasks/?search=&page=1&page_size=10&ordering= HTTP/1.1" 200 2164
[2025-11-01 15:24:09,830] INFO django.server: "GET /api/project/tasks/?search=&page=1&page_size=10&ordering= HTTP/1.1" 200 2164
[2025-11-01 15:25:08,065] INFO django.utils.autoreload: C:\Users\Amal Dev\Desktop\sustainability_hub\backend\projects\views.py changed, reloading.
[2025-11-01 15:25:09,648] INFO django.utils.autoreload: Watching for file changes with StatReloader
[2025-11-01 15:26:10,478] INFO django.utils.autoreload: C:\Users\Amal Dev\Desktop\sustainability_hub\backend\projects\views.py changed, reloading.
[2025-11-01 15:26:11,479] INFO django.utils.autoreload: Watching for file changes with StatReloader
[2025-11-01 15:26:14,133] INFO django.utils.autoreload: C:\Users\Amal Dev\Desktop\sustainability_hub\backend\projects\views.py changed, reloading.
[2025-11-01 15:26:15,216] INFO django.utils.autoreload: Watching for file changes with StatReloader
[2025-11-01 15:26:16,936] INFO django.utils.autoreload: C:\Users\Amal Dev\Desktop\sustainability_hub\backend\projects\views.py changed, reloading.
[2025-11-01 15:26:18,628] INFO django.utils.autoreload: Watching for file changes with StatReloader
[2025-11-01 15:26:20,460] INFO django.utils.autoreload: C:\Users\Amal Dev\Desktop\sustainability_hub\backend\projects\views.py changed, reloading.
[2025-11-01 15:26:21,730] INFO django.utils.autoreload: Watching for file changes with StatReloader
[2025-11-01 15:26:24,096] INFO django.utils.autoreload: C:\Users\Amal Dev\Desktop\sustainability_hub\backend\projects\views.py changed, reloading.
[2025-11-01 15:26:25,018] INFO django.utils.autoreload: Watching for file changes with StatReloader
[2025-11-01 15:26:27,357] INFO django.utils.autoreload: C:\Users\Amal Dev\Desktop\sustainability_hub\backend\projects\views.py changed, reloading.
[2025-11-01 15:26:28,920] INFO django.utils.autoreload: Watching for file changes with StatReloader
[2025-11-01 15:26:30,252] INFO django.utils.autoreload: C:\Users\Amal Dev\Desktop\sustainability_hub\backend\projects\views.py changed, reloading.
[2025-11-01 15:26:31,913] INFO django.utils.autoreload: Watching for file changes with StatReloader
[2025-11-01 15:26:34,541] INFO django.utils.autoreload: C:\Users\Amal Dev\Desktop\sustainability_hub\backend\projects\views.py changed, reloading.
[2025-11-01 15:26:35,456] INFO django.utils.autoreload: Watching for file changes with StatReloader
[2025-11-01 15:26:38,901] INFO django.utils.autoreload: C:\Users\Amal Dev\Desktop\sustainability_hub\backend\projects\views.py changed, reloading.
[2025-11-01 15:26:39,940] INFO django.utils.autoreload: Watching for file changes with StatReloader
[2025-11-01 15:26:45,826] INFO django.utils.autoreload: C:\Users\Amal Dev\Desktop\sustainability_hub\backend\projects\views.py changed, reloading.
[2025-11-01 15:26:46,858] INFO django.utils.autoreload: Watching for file changes with StatReloader
[2025-11-01 15:30:15,914] INFO django.server: "GET /api/project/contributors/?search= HTTP/1.1" 200 508
[2025-11-01 15:30:15,917] INFO django.server: "GET /api/project/projects/?search= HTTP/1.1" 200 618
[2025-11-01 15:30:15,917] INFO django.server: "GET /api/project/tasks/1/ HTTP/1.1" 200 650
[2025-11-01 15:30:15,933] INFO django.server: "GET /api/project/projects/?search= HTTP/1.1" 200 618
[2025-11-01 15:30:15,933] INFO django.server: "GET /api/project/contributors/?search= HTTP/1.1" 200 508
[2025-11-01 15:30:15,941] INFO django.server: "GET /api/project/tasks/1/ HTTP/1.1" 200 650
[2025-11-01 15:30:21,404] INFO projects.signals: [clear_due_task_cache]============== Delete cache ===============
[2025-11-01 15:30:21,411] INFO django.server: "PUT /api/project/tasks/1/ HTTP/1.1" 200 697
[2025-11-01 15:30:21,494] INFO django.server: "GET /api/project/tasks/?search=&page=1&page_size=10&ordering= HTTP/1.1" 200 2164
[2025-11-01 15:30:21,508] INFO django.server: "GET /api/project/tasks/?search=&page=1&page_size=10&ordering= HTTP/1.1" 200 2164
[2025-11-01 15:34:17,892] INFO projects.views: [OverDueTaskListAPIView] ******* From DB *******
[2025-11-01 15:34:17,893] INFO django.server: "GET /api/project/tasks/overdue/?search= HTTP/1.1" 200 652
[2025-11-01 15:34:17,898] INFO projects.views: [OverDueTaskListAPIView] ******* From cache *******
[2025-11-01 15:34:17,900] INFO django.server: "GET /api/project/tasks/overdue/?search= HTTP/1.1" 200 652
[2025-11-01 15:34:21,601] INFO django.server: "GET /api/project/tasks/?search=&page=1&page_size=10&ordering= HTTP/1.1" 200 2164
[2025-11-01 15:34:21,618] INFO django.server: "GET /api/project/tasks/?search=&page=1&page_size=10&ordering= HTTP/1.1" 200 2164
[2025-11-01 15:34:23,597] INFO django.server: "OPTIONS /api/project/tasks/2/ HTTP/1.1" 200 0
[2025-11-01 15:34:23,597] INFO django.server: "OPTIONS /api/project/tasks/2/ HTTP/1.1" 200 0
[2025-11-01 15:34:23,610] INFO django.server: "GET /api/project/projects/?search= HTTP/1.1" 200 618
[2025-11-01 15:34:23,618] INFO django.server: "GET /api/project/tasks/2/ HTTP/1.1" 200 606
[2025-11-01 15:34:23,627] INFO django.server: "GET /api/project/contributors/?search= HTTP/1.1" 200 508
[2025-11-01 15:34:23,631] INFO django.server: "GET /api/project/projects/?search= HTTP/1.1" 200 618
[2025-11-01 15:34:23,639] INFO django.server: "GET /api/project/tasks/2/ HTTP/1.1" 200 606
[2025-11-01 15:34:23,641] INFO django.server: "GET /api/project/contributors/?search= HTTP/1.1" 200 508
[2025-11-01 15:34:28,134] INFO django.server: "GET /api/project/tasks/?search=&page=1&page_size=10&ordering= HTTP/1.1" 200 2164
[2025-11-01 15:34:28,145] INFO django.server: "GET /api/project/tasks/?search=&page=1&page_size=10&ordering= HTTP/1.1" 200 2164
[2025-11-01 15:34:29,640] INFO django.server: "GET /api/project/projects/?search= HTTP/1.1" 200 618
[2025-11-01 15:34:29,646] INFO django.server: "GET /api/project/tasks/3/ HTTP/1.1" 200 854
[2025-11-01 15:34:29,652] INFO django.server: "GET /api/project/contributors/?search= HTTP/1.1" 200 508
[2025-11-01 15:34:29,661] INFO django.server: "GET /api/project/contributors/?search= HTTP/1.1" 200 508
[2025-11-01 15:34:29,667] INFO django.server: "GET /api/project/projects/?search= HTTP/1.1" 200 618
[2025-11-01 15:34:29,667] INFO django.server: "GET /api/project/tasks/3/ HTTP/1.1" 200 854
[2025-11-01 15:34:35,099] INFO projects.signals: [clear_due_task_cache]============== Delete cache ===============
[2025-11-01 15:34:35,105] INFO django.server: "PUT /api/project/tasks/3/ HTTP/1.1" 200 901
[2025-11-01 15:34:35,181] INFO django.server: "GET /api/project/tasks/?search=&page=1&page_size=10&ordering= HTTP/1.1" 200 2164
[2025-11-01 15:34:35,191] INFO django.server: "GET /api/project/tasks/?search=&page=1&page_size=10&ordering= HTTP/1.1" 200 2164
[2025-11-01 15:39:27,911] INFO projects.views: [OverDueTaskListAPIView] ******* From DB *******
[2025-11-01 15:39:27,912] INFO django.server: "GET /api/project/tasks/overdue/?search= HTTP/1.1" 200 1507
[2025-11-01 15:39:27,917] INFO projects.views: [OverDueTaskListAPIView] ******* From cache *******
[2025-11-01 15:39:27,918] INFO django.server: "GET /api/project/tasks/overdue/?search= HTTP/1.1" 200 1507
[2025-11-01 15:39:29,405] INFO django.server: "GET /api/project/tasks/?search=&page=1&page_size=10&ordering= HTTP/1.1" 200 2164
[2025-11-01 15:39:29,417] INFO django.server: "GET /api/project/tasks/?search=&page=1&page_size=10&ordering= HTTP/1.1" 200 2164
[2025-11-01 15:39:30,670] INFO projects.views: [OverDueTaskListAPIView] ******* From cache *******
[2025-11-01 15:39:30,683] INFO django.server: "GET /api/project/tasks/overdue/?search= HTTP/1.1" 200 1507
[2025-11-01 15:39:30,695] INFO projects.views: [OverDueTaskListAPIView] ******* From cache *******
[2025-11-01 15:39:30,696] INFO django.server: "GET /api/project/tasks/overdue/?search= HTTP/1.1" 200 1507
[2025-11-01 15:39:31,761] INFO django.server: "GET /api/project/tasks/?search=&page=1&page_size=10&ordering= HTTP/1.1" 200 2164
[2025-11-01 15:39:31,772] INFO django.server: "GET /api/project/tasks/?search=&page=1&page_size=10&ordering= HTTP/1.1" 200 2164
[2025-11-01 15:43:33,935] INFO django.utils.autoreload: C:\Users\Amal Dev\Desktop\sustainability_hub\backend\projects\views.py changed, reloading.
[2025-11-01 15:43:35,212] INFO django.utils.autoreload: Watching for file changes with StatReloader
[2025-11-01 15:43:36,600] INFO django.utils.autoreload: C:\Users\Amal Dev\Desktop\sustainability_hub\backend\projects\views.py changed, reloading.
[2025-11-01 15:43:37,612] INFO django.utils.autoreload: Watching for file changes with StatReloader
[2025-11-01 15:43:41,297] INFO django.utils.autoreload: C:\Users\Amal Dev\Desktop\sustainability_hub\backend\projects\views.py changed, reloading.
[2025-11-01 15:43:42,460] INFO django.utils.autoreload: Watching for file changes with StatReloader
[2025-11-01 15:43:49,157] INFO django.utils.autoreload: C:\Users\Amal Dev\Desktop\sustainability_hub\backend\projects\views.py changed, reloading.
[2025-11-01 15:43:50,167] INFO django.utils.autoreload: Watching for file changes with StatReloader
[2025-11-01 15:44:03,382] INFO django.utils.autoreload: C:\Users\Amal Dev\Desktop\sustainability_hub\backend\projects\views.py changed, reloading.
[2025-11-01 15:44:04,424] INFO django.utils.autoreload: Watching for file changes with StatReloader
[2025-11-01 15:44:06,388] INFO django.utils.autoreload: C:\Users\Amal Dev\Desktop\sustainability_hub\backend\projects\views.py changed, reloading.
[2025-11-01 15:44:07,477] INFO django.utils.autoreload: Watching for file changes with StatReloader
[2025-11-01 11:23:06,841] INFO django.utils.autoreload: Watching for file changes with StatReloader
[2025-11-01 11:23:34,695] INFO django.server: "GET /admin/ HTTP/1.1" 200 11105
[2025-11-01 11:34:00,358] INFO django.utils.autoreload: Watching for file changes with StatReloader
[2025-11-01 11:34:08,832] INFO django.server: "GET /admin/ HTTP/1.1" 200 11105
[2025-11-01 11:34:09,210] INFO django.server: "GET /admin/ HTTP/1.1" 200 11105
[2025-11-01 11:34:17,436] INFO django.server: "OPTIONS /api/project/dashboard/ HTTP/1.1" 200 0
[2025-11-01 11:34:17,436] INFO django.server: "OPTIONS /api/project/dashboard/ HTTP/1.1" 200 0
[2025-11-01 11:34:17,542] INFO django.server: "GET /api/project/dashboard/ HTTP/1.1" 200 476
[2025-11-01 11:34:17,631] INFO django.server: "GET /api/project/dashboard/ HTTP/1.1" 200 476
[2025-11-01 11:34:21,496] INFO django.server: "OPTIONS /api/auth/login/ HTTP/1.1" 200 0
[2025-11-01 11:34:22,008] INFO django.server: "POST /api/auth/login/ HTTP/1.1" 200 566
[2025-11-01 11:34:22,154] INFO django.server: "GET /api/project/dashboard/ HTTP/1.1" 200 476
[2025-11-01 11:34:22,209] INFO django.server: "GET /api/project/dashboard/ HTTP/1.1" 200 476
[2025-11-01 11:34:26,996] INFO django.server: "OPTIONS /api/project/tasks/?search=&page=1&page_size=10&ordering= HTTP/1.1" 200 0
[2025-11-01 11:34:27,000] INFO django.server: "OPTIONS /api/project/tasks/?search=&page=1&page_size=10&ordering= HTTP/1.1" 200 0
[2025-11-01 11:34:27,054] INFO django.server: "GET /api/project/tasks/?search=&page=1&page_size=10&ordering= HTTP/1.1" 200 2164
[2025-11-01 11:34:27,114] INFO django.server: "GET /api/project/tasks/?search=&page=1&page_size=10&ordering= HTTP/1.1" 200 2164
[2025-11-01 11:34:28,138] INFO django.server: "OPTIONS /api/project/tasks/overdue/?search= HTTP/1.1" 200 0
[2025-11-01 11:34:28,154] INFO django.server: "OPTIONS /api/project/tasks/overdue/?search= HTTP/1.1" 200 0
[2025-11-01 11:34:28,186] INFO projects.views: [OverDueTaskListAPIView] ******* From DB *******
[2025-11-01 11:34:28,188] INFO django.server: "GET /api/project/tasks/overdue/?search= HTTP/1.1" 200 1507
[2025-11-01 11:34:28,256] INFO projects.views: [OverDueTaskListAPIView] ******* From DB *******
[2025-11-01 11:34:28,261] INFO django.server: "GET /api/project/tasks/overdue/?search= HTTP/1.1" 200 1507
[2025-11-01 11:34:31,652] INFO django.server: "GET /api/project/tasks/?search=&page=1&page_size=10&ordering= HTTP/1.1" 200 2164
[2025-11-01 11:34:31,696] INFO django.server: "GET /api/project/tasks/?search=&page=1&page_size=10&ordering= HTTP/1.1" 200 2164
[2025-11-01 11:34:32,629] INFO projects.views: [OverDueTaskListAPIView] ******* From DB *******
[2025-11-01 11:34:32,639] INFO django.server: "GET /api/project/tasks/overdue/?search= HTTP/1.1" 200 1507
[2025-11-01 11:34:32,671] INFO projects.views: [OverDueTaskListAPIView] ******* From DB *******
[2025-11-01 11:34:32,673] INFO django.server: "GET /api/project/tasks/overdue/?search= HTTP/1.1" 200 1507
[2025-11-01 11:34:35,180] INFO django.server: "OPTIONS /api/project/contributors/?search=&page=1&page_size=10&ordering= HTTP/1.1" 200 0
[2025-11-01 11:34:35,185] INFO django.server: "OPTIONS /api/project/contributors/?search=&page=1&page_size=10&ordering= HTTP/1.1" 200 0
[2025-11-01 11:34:35,218] INFO django.server: "GET /api/project/contributors/?search=&page=1&page_size=10&ordering= HTTP/1.1" 200 508
[2025-11-01 11:34:35,289] INFO django.server: "GET /api/project/contributors/?search=&page=1&page_size=10&ordering= HTTP/1.1" 200 508
[2025-11-01 11:34:36,065] INFO django.server: "GET /api/project/tasks/?search=&page=1&page_size=10&ordering= HTTP/1.1" 200 2164
[2025-11-01 11:34:36,111] INFO django.server: "GET /api/project/tasks/?search=&page=1&page_size=10&ordering= HTTP/1.1" 200 2164
[2025-11-01 11:34:37,871] INFO django.server: "OPTIONS /api/project/projects/?search= HTTP/1.1" 200 0
[2025-11-01 11:34:37,875] INFO django.server: "OPTIONS /api/project/contributors/?search= HTTP/1.1" 200 0
[2025-11-01 11:34:37,878] INFO django.server: "OPTIONS /api/project/projects/?search= HTTP/1.1" 200 0
[2025-11-01 11:34:37,879] INFO django.server: "OPTIONS /api/project/contributors/?search= HTTP/1.1" 200 0
[2025-11-01 11:34:37,880] INFO django.server: "OPTIONS /api/project/tasks/2/ HTTP/1.1" 200 0
[2025-11-01 11:34:37,885] INFO django.server: "OPTIONS /api/project/tasks/2/ HTTP/1.1" 200 0
[2025-11-01 11:34:37,932] INFO django.server: "GET /api/project/projects/?search= HTTP/1.1" 200 618
[2025-11-01 11:34:37,935] INFO django.server: "GET /api/project/contributors/?search= HTTP/1.1" 200 508
[2025-11-01 11:34:37,956] INFO django.server: "GET /api/project/tasks/2/ HTTP/1.1" 200 606
[2025-11-01 11:34:38,023] INFO django.server: "GET /api/project/contributors/?search= HTTP/1.1" 200 508
[2025-11-01 11:34:38,025] INFO django.server: "GET /api/project/projects/?search= HTTP/1.1" 200 618
[2025-11-01 11:34:38,052] INFO django.server: "GET /api/project/tasks/2/ HTTP/1.1" 200 606
[2025-11-01 11:34:38,580] INFO django.server: "GET /api/project/tasks/?search=&page=1&page_size=10&ordering= HTTP/1.1" 200 2164
[2025-11-01 11:34:38,647] INFO django.server: "GET /api/project/tasks/?search=&page=1&page_size=10&ordering= HTTP/1.1" 200 2164
[2025-11-01 11:34:41,065] INFO django.server: "OPTIONS /api/project/tasks/3/ HTTP/1.1" 200 0
[2025-11-01 11:34:41,076] INFO django.server: "OPTIONS /api/project/tasks/3/ HTTP/1.1" 200 0
[2025-11-01 11:34:41,093] INFO django.server: "GET /api/project/projects/?search= HTTP/1.1" 200 618
[2025-11-01 11:34:41,114] INFO django.server: "GET /api/project/contributors/?search= HTTP/1.1" 200 508
[2025-11-01 11:34:41,134] INFO django.server: "GET /api/project/projects/?search= HTTP/1.1" 200 618
[2025-11-01 11:34:41,144] INFO django.server: "GET /api/project/tasks/3/ HTTP/1.1" 200 854
[2025-11-01 11:34:41,172] INFO django.server: "GET /api/project/contributors/?search= HTTP/1.1" 200 508
[2025-11-01 11:34:41,225] INFO django.server: "GET /api/project/tasks/3/ HTTP/1.1" 200 854
[2025-11-01 11:34:47,715] INFO projects.signals: [clear_due_task_cache]============== Delete cache ===============
[2025-11-01 11:34:47,729] INFO django.server: "PUT /api/project/tasks/3/ HTTP/1.1" 200 901
[2025-11-01 11:34:47,865] INFO django.server: "GET /api/project/tasks/?search=&page=1&page_size=10&ordering= HTTP/1.1" 200 2164
[2025-11-01 11:34:47,914] INFO django.server: "GET /api/project/tasks/?search=&page=1&page_size=10&ordering= HTTP/1.1" 200 2164
[2025-11-01 11:34:52,322] INFO projects.views: [OverDueTaskListAPIView] ******* From DB *******
[2025-11-01 11:34:52,324] INFO django.server: "GET /api/project/tasks/overdue/?search= HTTP/1.1" 200 1507
[2025-11-01 11:34:52,367] INFO projects.views: [OverDueTaskListAPIView] ******* From DB *******
[2025-11-01 11:34:52,369] INFO django.server: "GET /api/project/tasks/overdue/?search= HTTP/1.1" 200 1507
[2025-11-01 11:34:58,254] INFO projects.views: [OverDueTaskListAPIView] ******* From DB *******
[2025-11-01 11:34:58,256] INFO django.server: "GET /api/project/tasks/overdue/?search= HTTP/1.1" 200 652
[2025-11-01 11:34:58,335] INFO projects.views: [OverDueTaskListAPIView] ******* From DB *******
[2025-11-01 11:34:58,336] INFO django.server: "GET /api/project/tasks/overdue/?search= HTTP/1.1" 200 652
[2025-11-01 11:35:00,175] INFO django.server: "GET /api/project/tasks/?search=&page=1&page_size=10&ordering= HTTP/1.1" 200 2164
[2025-11-01 11:35:00,233] INFO django.server: "GET /api/project/tasks/?search=&page=1&page_size=10&ordering= HTTP/1.1" 200 2164
[2025-11-01 11:35:00,967] INFO projects.views: [OverDueTaskListAPIView] ******* From DB *******
[2025-11-01 11:35:00,970] INFO django.server: "GET /api/project/tasks/overdue/?search= HTTP/1.1" 200 652
[2025-11-01 11:35:01,010] INFO projects.views: [OverDueTaskListAPIView] ******* From DB *******
[2025-11-01 11:35:01,018] INFO django.server: "GET /api/project/tasks/overdue/?search= HTTP/1.1" 200 652
[2025-11-01 11:35:10,837] INFO django.server: "GET /api/project/tasks/?search=&page=1&page_size=10&ordering= HTTP/1.1" 200 2164
[2025-11-01 11:35:10,879] INFO django.server: "GET /api/project/tasks/?search=&page=1&page_size=10&ordering= HTTP/1.1" 200 2164
[2025-11-01 11:36:23,489] INFO django.utils.autoreload: Watching for file changes with StatReloader
[2025-11-01 11:36:33,903] INFO django.server: "POST /api/auth/login/ HTTP/1.1" 200 566
[2025-11-01 11:36:34,023] INFO django.server: "GET /api/project/dashboard/ HTTP/1.1" 200 476
[2025-11-01 11:36:34,121] INFO django.server: "GET /api/project/dashboard/ HTTP/1.1" 200 476
[2025-11-01 11:37:39,910] INFO django.utils.autoreload: Watching for file changes with StatReloader
[2025-11-01 11:37:42,365] INFO django.server: "GET /api/project/dashboard/ HTTP/1.1" 200 476
[2025-11-01 11:37:42,412] INFO django.server: "GET /api/project/dashboard/ HTTP/1.1" 200 476
[2025-11-01 11:37:49,277] INFO projects.views: [OverDueTaskListAPIView] ******* From DB *******
[2025-11-01 11:37:49,282] INFO django.server: "GET /api/project/tasks/overdue/?search= HTTP/1.1" 200 652
[2025-11-01 11:37:49,313] INFO projects.views: [OverDueTaskListAPIView] ******* From DB *******
[2025-11-01 11:37:49,315] INFO django.server: "GET /api/project/tasks/overdue/?search= HTTP/1.1" 200 652
[2025-11-02 03:44:00,729] INFO django.utils.autoreload: Watching for file changes with StatReloader
[2025-11-02 03:44:05,156] INFO django.server: "GET /admin/ HTTP/1.1" 200 11105
[2025-11-02 03:44:05,189] INFO django.server: "GET /static/admin/css/base.css HTTP/1.1" 200 22120
[2025-11-02 03:44:05,190] INFO django.server: "GET /static/admin/css/nav_sidebar.css HTTP/1.1" 200 2810
[2025-11-02 03:44:05,200] INFO django.server: "GET /static/admin/css/dark_mode.css HTTP/1.1" 200 2808
[2025-11-02 03:44:05,206] INFO django.server: "GET /static/admin/css/dashboard.css HTTP/1.1" 200 441
[2025-11-02 03:44:05,207] INFO django.server: "GET /static/admin/css/responsive.css HTTP/1.1" 200 16565
[2025-11-02 03:44:05,207] INFO django.server: "GET /static/admin/js/theme.js HTTP/1.1" 200 1653
[2025-11-02 03:44:05,216] INFO django.server: "GET /static/admin/js/nav_sidebar.js HTTP/1.1" 200 3063
[2025-11-02 03:44:05,228] INFO django.server: "GET /static/admin/img/icon-addlink.svg HTTP/1.1" 200 331
[2025-11-02 03:44:05,229] INFO django.server: "GET /static/admin/img/icon-changelink.svg HTTP/1.1" 200 380
[2025-11-02 03:44:05,427] WARNING django.request: Not Found: /favicon.ico
[2025-11-02 03:44:05,429] WARNING django.server: "GET /favicon.ico HTTP/1.1" 404 2516
[2025-11-02 03:44:09,841] INFO django.server: "OPTIONS /api/project/dashboard/ HTTP/1.1" 200 0
[2025-11-02 03:44:09,842] INFO django.server: "OPTIONS /api/project/dashboard/ HTTP/1.1" 200 0
[2025-11-02 03:44:09,966] INFO django.server: "GET /api/project/dashboard/ HTTP/1.1" 200 476
[2025-11-02 03:44:10,012] INFO django.server: "GET /api/project/dashboard/ HTTP/1.1" 200 476
[2025-11-02 03:45:41,888] INFO django.utils.autoreload: /app/accounts/serializers.py changed, reloading.
[2025-11-02 03:45:44,136] INFO django.utils.autoreload: Watching for file changes with StatReloader
[2025-11-02 03:45:45,796] INFO django.utils.autoreload: /app/accounts/serializers.py changed, reloading.
[2025-11-02 03:45:47,214] INFO django.utils.autoreload: Watching for file changes with StatReloader
[2025-11-02 03:45:49,520] INFO django.utils.autoreload: /app/accounts/serializers.py changed, reloading.
[2025-11-02 03:45:51,422] INFO django.utils.autoreload: Watching for file changes with StatReloader
[2025-11-02 03:45:54,479] INFO django.server: "GET /api/project/dashboard/ HTTP/1.1" 200 476
[2025-11-02 03:45:54,515] INFO django.server: "GET /api/project/dashboard/ HTTP/1.1" 200 476
[2025-11-02 03:45:58,396] INFO django.server: "OPTIONS /api/project/contributors/?search=&page=1&page_size=10&ordering= HTTP/1.1" 200 0
[2025-11-02 03:45:58,400] INFO django.server: "OPTIONS /api/project/contributors/?search=&page=1&page_size=10&ordering= HTTP/1.1" 200 0
[2025-11-02 03:45:58,425] INFO django.server: "GET /api/project/contributors/?search=&page=1&page_size=10&ordering= HTTP/1.1" 200 508
[2025-11-02 03:45:58,536] INFO django.server: "GET /api/project/contributors/?search=&page=1&page_size=10&ordering= HTTP/1.1" 200 508
[2025-11-02 03:46:02,815] INFO django.server: "OPTIONS /api/auth/login/ HTTP/1.1" 200 0
[2025-11-02 03:46:03,294] INFO django.server: "POST /api/auth/login/ HTTP/1.1" 200 566
[2025-11-02 03:46:03,438] INFO django.server: "GET /api/project/dashboard/ HTTP/1.1" 200 476
[2025-11-02 03:46:03,480] INFO django.server: "GET /api/project/dashboard/ HTTP/1.1" 200 476
[2025-11-02 03:46:11,177] WARNING django.request: Bad Request: /api/auth/login/
[2025-11-02 03:46:11,178] WARNING django.server: "POST /api/auth/login/ HTTP/1.1" 400 50
[2025-11-02 03:46:13,876] WARNING django.request: Bad Request: /api/auth/login/
[2025-11-02 03:46:13,877] WARNING django.server: "POST /api/auth/login/ HTTP/1.1" 400 57
[2025-11-02 03:46:22,957] INFO django.utils.autoreload: /app/accounts/serializers.py changed, reloading.
[2025-11-02 03:46:24,985] INFO django.utils.autoreload: Watching for file changes with StatReloader
[2025-11-02 03:46:46,116] INFO django.utils.autoreload: Watching for file changes with StatReloader
[2025-11-02 03:46:58,231] INFO django.server: "POST /api/auth/login/ HTTP/1.1" 200 566
[2025-11-02 03:46:58,325] INFO django.server: "GET /api/project/dashboard/ HTTP/1.1" 200 476
[2025-11-02 03:46:58,390] INFO django.server: "GET /api/project/dashboard/ HTTP/1.1" 200 476
[2025-11-02 03:47:07,520] WARNING django.request: Bad Request: /api/auth/login/
[2025-11-02 03:47:07,521] WARNING django.server: "POST /api/auth/login/ HTTP/1.1" 400 57
[2025-11-02 03:47:15,311] WARNING django.request: Bad Request: /api/auth/login/
[2025-11-02 03:47:15,312] WARNING django.server: "POST /api/auth/login/ HTTP/1.1" 400 57
[2025-11-02 03:47:29,177] WARNING django.request: Bad Request: /api/auth/login/
[2025-11-02 03:47:29,178] WARNING django.server: "POST /api/auth/login/ HTTP/1.1" 400 50
[2025-11-02 03:47:32,133] WARNING django.request: Bad Request: /api/auth/login/
[2025-11-02 03:47:32,134] WARNING django.server: "POST /api/auth/login/ HTTP/1.1" 400 50
[2025-11-02 03:48:43,441] WARNING django.request: Bad Request: /api/auth/login/
[2025-11-02 03:48:43,469] WARNING django.server: "POST /api/auth/login/ HTTP/1.1" 400 50
[2025-11-02 03:49:09,758] INFO django.server: "POST /api/auth/login/ HTTP/1.1" 200 566
[2025-11-02 03:49:09,971] INFO django.server: "GET /api/project/dashboard/ HTTP/1.1" 200 476
[2025-11-02 03:49:10,027] INFO django.server: "GET /api/project/dashboard/ HTTP/1.1" 200 476
[2025-11-02 03:49:17,884] WARNING django.request: Bad Request: /api/auth/login/
[2025-11-02 03:49:17,885] WARNING django.server: "POST /api/auth/login/ HTTP/1.1" 400 57
[2025-11-02 03:51:55,729] INFO django.server: "POST /api/auth/login/ HTTP/1.1" 200 566
[2025-11-02 03:51:55,997] INFO django.server: "GET /api/project/dashboard/ HTTP/1.1" 200 476
[2025-11-02 03:51:56,176] INFO django.server: "GET /api/project/dashboard/ HTTP/1.1" 200 476
[2025-11-02 03:52:03,604] WARNING django.request: Bad Request: /api/auth/login/
[2025-11-02 03:52:03,611] WARNING django.server: "POST /api/auth/login/ HTTP/1.1" 400 57
[2025-11-02 03:52:09,780] WARNING django.request: Bad Request: /api/auth/login/
[2025-11-02 03:52:09,781] WARNING django.server: "POST /api/auth/login/ HTTP/1.1" 400 50
[2025-11-02 03:54:49,073] WARNING django.request: Bad Request: /api/auth/login/
[2025-11-02 03:54:49,074] WARNING django.server: "POST /api/auth/login/ HTTP/1.1" 400 50
[2025-11-02 03:54:52,178] INFO django.server: "POST /api/auth/login/ HTTP/1.1" 200 566
[2025-11-02 03:54:52,280] INFO django.server: "GET /api/project/dashboard/ HTTP/1.1" 200 476
[2025-11-02 03:54:52,329] INFO django.server: "GET /api/project/dashboard/ HTTP/1.1" 200 476
[2025-11-02 03:55:49,759] INFO django.server: "GET /api/project/dashboard/ HTTP/1.1" 200 476
[2025-11-02 03:55:49,831] INFO django.server: "GET /api/project/dashboard/ HTTP/1.1" 200 476
[2025-11-02 03:55:55,881] INFO django.server: "GET /api/project/dashboard/ HTTP/1.1" 200 476
[2025-11-02 03:55:55,953] INFO django.server: "GET /api/project/dashboard/ HTTP/1.1" 200 476
[2025-11-02 03:56:04,067] INFO django.server: "OPTIONS /api/project/tasks/?search=&page=1&page_size=10&ordering= HTTP/1.1" 200 0
[2025-11-02 03:56:04,068] INFO django.server: "OPTIONS /api/project/tasks/?search=&page=1&page_size=10&ordering= HTTP/1.1" 200 0
[2025-11-02 03:56:04,126] INFO django.server: "GET /api/project/tasks/?search=&page=1&page_size=10&ordering= HTTP/1.1" 200 2164
[2025-11-02 03:56:04,175] INFO django.server: "GET /api/project/tasks/?search=&page=1&page_size=10&ordering= HTTP/1.1" 200 2164
[2025-11-02 03:56:06,902] INFO django.server: "OPTIONS /api/project/contributors/?search= HTTP/1.1" 200 0
[2025-11-02 03:56:06,920] INFO django.server: "OPTIONS /api/project/projects/?search= HTTP/1.1" 200 0
[2025-11-02 03:56:06,919] INFO django.server: "OPTIONS /api/project/tasks/3/ HTTP/1.1" 200 0
[2025-11-02 03:56:06,921] INFO django.server: "OPTIONS /api/project/projects/?search= HTTP/1.1" 200 0
[2025-11-02 03:56:06,931] INFO django.server: "OPTIONS /api/project/contributors/?search= HTTP/1.1" 200 0
[2025-11-02 03:56:06,940] INFO django.server: "OPTIONS /api/project/tasks/3/ HTTP/1.1" 200 0
[2025-11-02 03:56:06,969] INFO django.server: "GET /api/project/contributors/?search= HTTP/1.1" 200 508
[2025-11-02 03:56:06,973] INFO django.server: "GET /api/project/projects/?search= HTTP/1.1" 200 618
[2025-11-02 03:56:06,987] INFO django.server: "GET /api/project/tasks/3/ HTTP/1.1" 200 854
[2025-11-02 03:56:07,070] INFO django.server: "GET /api/project/contributors/?search= HTTP/1.1" 200 508
[2025-11-02 03:56:07,092] INFO django.server: "GET /api/project/projects/?search= HTTP/1.1" 200 618
[2025-11-02 03:56:07,132] INFO django.server: "GET /api/project/tasks/3/ HTTP/1.1" 200 854
[2025-11-02 03:56:11,520] INFO projects.signals: [clear_due_task_cache]============== Delete cache ===============
[2025-11-02 03:56:11,537] INFO django.server: "PUT /api/project/tasks/3/ HTTP/1.1" 200 900
[2025-11-02 03:56:11,657] INFO django.server: "GET /api/project/tasks/?search=&page=1&page_size=10&ordering= HTTP/1.1" 200 2163
[2025-11-02 03:56:11,701] INFO django.server: "GET /api/project/tasks/?search=&page=1&page_size=10&ordering= HTTP/1.1" 200 2163
[2025-11-02 03:56:14,472] INFO django.server: "GET /api/project/dashboard/ HTTP/1.1" 200 476
[2025-11-02 03:56:14,521] INFO django.server: "GET /api/project/dashboard/ HTTP/1.1" 200 476
[2025-11-02 03:57:27,900] INFO django.server: "OPTIONS /api/project/projects/?search=&page=1&page_size=10&ordering= HTTP/1.1" 200 0
[2025-11-02 03:57:27,901] INFO django.server: "OPTIONS /api/project/projects/?search=&page=1&page_size=10&ordering= HTTP/1.1" 200 0
[2025-11-02 03:57:27,928] INFO django.server: "GET /api/project/projects/?search=&page=1&page_size=10&ordering= HTTP/1.1" 200 618
[2025-11-02 03:57:27,992] INFO django.server: "GET /api/project/projects/?search=&page=1&page_size=10&ordering= HTTP/1.1" 200 618
[2025-11-02 03:57:31,306] INFO django.server: "OPTIONS /api/project/projects/1/ HTTP/1.1" 200 0
[2025-11-02 03:57:31,307] INFO django.server: "OPTIONS /api/project/projects/1/ HTTP/1.1" 200 0
[2025-11-02 03:57:31,329] INFO django.server: "GET /api/project/projects/1/ HTTP/1.1" 200 198
[2025-11-02 03:57:31,390] INFO django.server: "GET /api/project/projects/1/ HTTP/1.1" 200 198
[2025-11-02 03:57:35,285] INFO django.server: "GET /api/project/projects/?search=&page=1&page_size=10&ordering= HTTP/1.1" 200 618
[2025-11-02 03:57:35,316] INFO django.server: "GET /api/project/projects/?search=&page=1&page_size=10&ordering= HTTP/1.1" 200 618
[2025-11-02 03:57:37,573] INFO django.server: "GET /api/project/contributors/?search=&page=1&page_size=10&ordering= HTTP/1.1" 200 508
[2025-11-02 03:57:37,611] INFO django.server: "GET /api/project/contributors/?search=&page=1&page_size=10&ordering= HTTP/1.1" 200 508
[2025-11-02 03:57:39,078] INFO django.server: "GET /api/project/tasks/?search=&page=1&page_size=10&ordering= HTTP/1.1" 200 2163
[2025-11-02 03:57:39,140] INFO django.server: "GET /api/project/tasks/?search=&page=1&page_size=10&ordering= HTTP/1.1" 200 2163
[2025-11-02 03:57:40,024] INFO django.server: "OPTIONS /api/project/tasks/overdue/?search= HTTP/1.1" 200 0
[2025-11-02 03:57:40,024] INFO django.server: "OPTIONS /api/project/tasks/overdue/?search= HTTP/1.1" 200 0
[2025-11-02 03:57:40,082] INFO projects.views: [OverDueTaskListAPIView] ******* From DB *******
[2025-11-02 03:57:40,083] INFO django.server: "GET /api/project/tasks/overdue/?search= HTTP/1.1" 200 1259
[2025-11-02 03:57:40,132] INFO projects.views: [OverDueTaskListAPIView] ******* From DB *******
[2025-11-02 03:57:40,133] INFO django.server: "GET /api/project/tasks/overdue/?search= HTTP/1.1" 200 1259
[2025-11-02 03:57:43,062] INFO django.server: "GET /api/project/dashboard/ HTTP/1.1" 200 476
[2025-11-02 03:57:43,125] INFO django.server: "GET /api/project/dashboard/ HTTP/1.1" 200 476
[2025-11-02 03:59:26,967] INFO django.utils.autoreload: /app/backend/settings.py changed, reloading.
[2025-11-02 03:59:30,011] INFO django.utils.autoreload: Watching for file changes with StatReloader
[2025-11-02 03:59:37,656] INFO django.utils.autoreload: /app/backend/settings.py changed, reloading.
[2025-11-02 03:59:40,480] INFO django.utils.autoreload: Watching for file changes with StatReloader
[2025-11-02 04:01:15,973] INFO django.utils.autoreload: /app/backend/settings.py changed, reloading.
[2025-11-02 04:01:18,658] INFO django.utils.autoreload: Watching for file changes with StatReloader
[2025-11-02 04:02:17,138] INFO django.utils.autoreload: /app/backend/settings.py changed, reloading.
